2026-06-07 10:41:09  === FraudShield Scheduler khởi động ===
2026-06-07 10:41:09  Inbox: C:\Users\DELL\Downloads\FraudShield_Project (1)\FraudShield\inbox | Interval: 60s
2026-06-07 10:41:09  [Scan #1] Tìm thấy 1 file CSV mới
2026-06-07 10:41:09  ───────────────────────────────────────────────────────
2026-06-07 10:41:09  [→] Phát hiện file mới: FraudShield_Banking_Data.csv
2026-06-07 10:41:09  [1] Chạy pipeline: cleaning → features → predict…
2026-06-07 10:41:13      ✓ 50,000 giao dịch | 🔴 HIGH=461 | 🟡 MED=35753 | 🟢 LOW=13786
2026-06-07 10:41:13  [2] Xuất báo cáo Excel…
2026-06-07 10:43:47      ✓ Lưu → output/fraud_report_FraudShield_Banking_Data_20260607_104347.xlsx
2026-06-07 10:43:47  [3] Gửi email cảnh báo Gmail…
2026-06-07 10:43:50      [✗] Lỗi xác thực Gmail — kiểm tra EMAIL_SENDER và EMAIL_PASSWORD trong config.py
2026-06-07 10:43:50          Hướng dẫn: https://myaccount.google.com/apppasswords
2026-06-07 10:43:50  [4] Di chuyển file → inbox/processed/20260607_104347_FraudShield_Banking_Data.csv
2026-06-07 10:43:50  [✓] Hoàn thành xử lý: FraudShield_Banking_Data.csv
2026-06-07 10:44:50  [Scan #2] Không có file mới. Chờ 60s…
2026-06-07 10:45:50  [Scan #3] Không có file mới. Chờ 60s…
2026-06-07 10:46:50  [Scan #4] Không có file mới. Chờ 60s…
2026-06-07 10:47:50  [Scan #5] Không có file mới. Chờ 60s…
2026-06-08 00:29:54  === FraudShield Scheduler v2 khởi động ===
2026-06-08 00:29:54  Inbox: C:\Users\DELL\Downloads\FraudShield_Project (1)\FraudShield\inbox | Reports: C:\Users\DELL\Downloads\FraudShield_Project (1)\FraudShield\output\reports | Interval: 60s
2026-06-08 00:29:54  [Scan #1] Tìm thấy 3 file CSV
2026-06-08 00:29:54  ───────────────────────────────────────────────────────
2026-06-08 00:29:54  [→] Phát hiện file mới: bank.csv
2026-06-08 00:29:54  [1] Chạy pipeline: cleaning → features → predict…
2026-06-08 00:29:54  [✗] Lỗi khi xử lý bank.csv: 'Transaction_Date'
2026-06-08 00:29:54  Traceback (most recent call last):
  File "C:\Users\DELL\anaconda3\Lib\site-packages\pandas\core\indexes\base.py", line 3812, in get_loc
    return self._engine.get_loc(casted_key)
           ~~~~~~~~~~~~~~~~~~~~^^^^^^^^^^^^
  File "pandas/_libs/index.pyx", line 167, in pandas._libs.index.IndexEngine.get_loc
  File "pandas/_libs/index.pyx", line 196, in pandas._libs.index.IndexEngine.get_loc
  File "pandas/_libs/hashtable_class_helper.pxi", line 7088, in pandas._libs.hashtable.PyObjectHashTable.get_item
  File "pandas/_libs/hashtable_class_helper.pxi", line 7096, in pandas._libs.hashtable.PyObjectHashTable.get_item
KeyError: 'Transaction_Date'

The above exception was the direct cause of the following exception:

Traceback (most recent call last):
  File "C:\Users\DELL\Downloads\FraudShield_Project (1)\FraudShield\scheduler.py", line 288, in process_file
    result = run_pipeline(csv_path)
  File "C:\Users\DELL\Downloads\FraudShield_Project (1)\FraudShield\scheduler.py", line 114, in run_pipeline
    df["Transaction_Date"] = pd.to_datetime(df["Transaction_Date"], errors="coerce")
                                            ~~^^^^^^^^^^^^^^^^^^^^
  File "C:\Users\DELL\anaconda3\Lib\site-packages\pandas\core\frame.py", line 4113, in __getitem__
    indexer = self.columns.get_loc(key)
  File "C:\Users\DELL\anaconda3\Lib\site-packages\pandas\core\indexes\base.py", line 3819, in get_loc
    raise KeyError(key) from err
KeyError: 'Transaction_Date'

2026-06-08 00:29:54  ───────────────────────────────────────────────────────
2026-06-08 00:29:54  [→] Phát hiện file mới: FraudShield_Banking_Data.csv
2026-06-08 00:29:54  [1] Chạy pipeline: cleaning → features → predict…
2026-06-08 00:29:58      ✓ 50,000 giao dịch | 🔴 HIGH=1343 | 🟡 MED=677 | 🟢 LOW=47980
2026-06-08 00:29:58  [2] Xuất báo cáo Excel…
2026-06-08 00:32:25      ✓ Lưu → output/fraud_report_FraudShield_Banking_Data_20260608_003225.xlsx
2026-06-08 00:32:25  [3] Xuất báo cáo HTML…
2026-06-08 00:32:25      [✓] Xuất HTML → output/reports/fraud_report_FraudShield_Banking_Data_20260608_003225.html  (1343 HIGH risk)
2026-06-08 00:32:25  [4] Di chuyển → inbox/processed/20260608_003225_FraudShield_Banking_Data.csv
2026-06-08 00:32:25  [✓] Hoàn thành xử lý: FraudShield_Banking_Data.csv
2026-06-08 00:32:25  ───────────────────────────────────────────────────────
2026-06-08 00:32:25  [→] Phát hiện file mới: cleaned_data.csv
2026-06-08 00:32:25  [1] Chạy pipeline: cleaning → features → predict…
2026-06-08 00:32:29      ✓ 49,996 giao dịch | 🔴 HIGH=1343 | 🟡 MED=677 | 🟢 LOW=47976
2026-06-08 00:32:29  [2] Xuất báo cáo Excel…
2026-06-08 00:34:18      ✓ Lưu → output/fraud_report_cleaned_data_20260608_003418.xlsx
2026-06-08 00:34:18  [3] Xuất báo cáo HTML…
2026-06-08 00:34:19      [✓] Xuất HTML → output/reports/fraud_report_cleaned_data_20260608_003418.html  (1343 HIGH risk)
2026-06-08 00:34:19  [4] Di chuyển → inbox/processed/20260608_003418_cleaned_data.csv
2026-06-08 00:34:19  [✓] Hoàn thành xử lý: cleaned_data.csv
2026-06-08 00:35:19  [Scan #2] Tìm thấy 1 file CSV
2026-06-08 00:35:19  ───────────────────────────────────────────────────────
2026-06-08 00:35:19  [→] Phát hiện file mới: bank.csv
2026-06-08 00:35:19  [1] Chạy pipeline: cleaning → features → predict…
2026-06-08 00:35:19  [✗] Lỗi khi xử lý bank.csv: 'Transaction_Date'
2026-06-08 00:35:19  Traceback (most recent call last):
  File "C:\Users\DELL\anaconda3\Lib\site-packages\pandas\core\indexes\base.py", line 3812, in get_loc
    return self._engine.get_loc(casted_key)
           ~~~~~~~~~~~~~~~~~~~~^^^^^^^^^^^^
  File "pandas/_libs/index.pyx", line 167, in pandas._libs.index.IndexEngine.get_loc
  File "pandas/_libs/index.pyx", line 196, in pandas._libs.index.IndexEngine.get_loc
  File "pandas/_libs/hashtable_class_helper.pxi", line 7088, in pandas._libs.hashtable.PyObjectHashTable.get_item
  File "pandas/_libs/hashtable_class_helper.pxi", line 7096, in pandas._libs.hashtable.PyObjectHashTable.get_item
KeyError: 'Transaction_Date'

The above exception was the direct cause of the following exception:

Traceback (most recent call last):
  File "C:\Users\DELL\Downloads\FraudShield_Project (1)\FraudShield\scheduler.py", line 288, in process_file
    result = run_pipeline(csv_path)
  File "C:\Users\DELL\Downloads\FraudShield_Project (1)\FraudShield\scheduler.py", line 114, in run_pipeline
    df["Transaction_Date"] = pd.to_datetime(df["Transaction_Date"], errors="coerce")
                                            ~~^^^^^^^^^^^^^^^^^^^^
  File "C:\Users\DELL\anaconda3\Lib\site-packages\pandas\core\frame.py", line 4113, in __getitem__
    indexer = self.columns.get_loc(key)
  File "C:\Users\DELL\anaconda3\Lib\site-packages\pandas\core\indexes\base.py", line 3819, in get_loc
    raise KeyError(key) from err
KeyError: 'Transaction_Date'

2026-06-08 00:36:19  [Scan #3] Tìm thấy 1 file CSV
2026-06-08 00:36:19  ───────────────────────────────────────────────────────
2026-06-08 00:36:19  [→] Phát hiện file mới: bank.csv
2026-06-08 00:36:19  [1] Chạy pipeline: cleaning → features → predict…
2026-06-08 00:36:19  [✗] Lỗi khi xử lý bank.csv: 'Transaction_Date'
2026-06-08 00:36:19  Traceback (most recent call last):
  File "C:\Users\DELL\anaconda3\Lib\site-packages\pandas\core\indexes\base.py", line 3812, in get_loc
    return self._engine.get_loc(casted_key)
           ~~~~~~~~~~~~~~~~~~~~^^^^^^^^^^^^
  File "pandas/_libs/index.pyx", line 167, in pandas._libs.index.IndexEngine.get_loc
  File "pandas/_libs/index.pyx", line 196, in pandas._libs.index.IndexEngine.get_loc
  File "pandas/_libs/hashtable_class_helper.pxi", line 7088, in pandas._libs.hashtable.PyObjectHashTable.get_item
  File "pandas/_libs/hashtable_class_helper.pxi", line 7096, in pandas._libs.hashtable.PyObjectHashTable.get_item
KeyError: 'Transaction_Date'

The above exception was the direct cause of the following exception:

Traceback (most recent call last):
  File "C:\Users\DELL\Downloads\FraudShield_Project (1)\FraudShield\scheduler.py", line 288, in process_file
    result = run_pipeline(csv_path)
  File "C:\Users\DELL\Downloads\FraudShield_Project (1)\FraudShield\scheduler.py", line 114, in run_pipeline
    df["Transaction_Date"] = pd.to_datetime(df["Transaction_Date"], errors="coerce")
                                            ~~^^^^^^^^^^^^^^^^^^^^
  File "C:\Users\DELL\anaconda3\Lib\site-packages\pandas\core\frame.py", line 4113, in __getitem__
    indexer = self.columns.get_loc(key)
  File "C:\Users\DELL\anaconda3\Lib\site-packages\pandas\core\indexes\base.py", line 3819, in get_loc
    raise KeyError(key) from err
KeyError: 'Transaction_Date'

2026-06-08 00:37:19  [Scan #4] Tìm thấy 1 file CSV
2026-06-08 00:37:19  ───────────────────────────────────────────────────────
2026-06-08 00:37:19  [→] Phát hiện file mới: bank.csv
2026-06-08 00:37:19  [1] Chạy pipeline: cleaning → features → predict…
2026-06-08 00:37:19  [✗] Lỗi khi xử lý bank.csv: 'Transaction_Date'
2026-06-08 00:37:19  Traceback (most recent call last):
  File "C:\Users\DELL\anaconda3\Lib\site-packages\pandas\core\indexes\base.py", line 3812, in get_loc
    return self._engine.get_loc(casted_key)
           ~~~~~~~~~~~~~~~~~~~~^^^^^^^^^^^^
  File "pandas/_libs/index.pyx", line 167, in pandas._libs.index.IndexEngine.get_loc
  File "pandas/_libs/index.pyx", line 196, in pandas._libs.index.IndexEngine.get_loc
  File "pandas/_libs/hashtable_class_helper.pxi", line 7088, in pandas._libs.hashtable.PyObjectHashTable.get_item
  File "pandas/_libs/hashtable_class_helper.pxi", line 7096, in pandas._libs.hashtable.PyObjectHashTable.get_item
KeyError: 'Transaction_Date'

The above exception was the direct cause of the following exception:

Traceback (most recent call last):
  File "C:\Users\DELL\Downloads\FraudShield_Project (1)\FraudShield\scheduler.py", line 288, in process_file
    result = run_pipeline(csv_path)
  File "C:\Users\DELL\Downloads\FraudShield_Project (1)\FraudShield\scheduler.py", line 114, in run_pipeline
    df["Transaction_Date"] = pd.to_datetime(df["Transaction_Date"], errors="coerce")
                                            ~~^^^^^^^^^^^^^^^^^^^^
  File "C:\Users\DELL\anaconda3\Lib\site-packages\pandas\core\frame.py", line 4113, in __getitem__
    indexer = self.columns.get_loc(key)
  File "C:\Users\DELL\anaconda3\Lib\site-packages\pandas\core\indexes\base.py", line 3819, in get_loc
    raise KeyError(key) from err
KeyError: 'Transaction_Date'

2026-06-08 00:38:19  [Scan #5] Tìm thấy 1 file CSV
2026-06-08 00:38:19  ───────────────────────────────────────────────────────
2026-06-08 00:38:19  [→] Phát hiện file mới: bank.csv
2026-06-08 00:38:19  [1] Chạy pipeline: cleaning → features → predict…
2026-06-08 00:38:19  [✗] Lỗi khi xử lý bank.csv: 'Transaction_Date'
2026-06-08 00:38:19  Traceback (most recent call last):
  File "C:\Users\DELL\anaconda3\Lib\site-packages\pandas\core\indexes\base.py", line 3812, in get_loc
    return self._engine.get_loc(casted_key)
           ~~~~~~~~~~~~~~~~~~~~^^^^^^^^^^^^
  File "pandas/_libs/index.pyx", line 167, in pandas._libs.index.IndexEngine.get_loc
  File "pandas/_libs/index.pyx", line 196, in pandas._libs.index.IndexEngine.get_loc
  File "pandas/_libs/hashtable_class_helper.pxi", line 7088, in pandas._libs.hashtable.PyObjectHashTable.get_item
  File "pandas/_libs/hashtable_class_helper.pxi", line 7096, in pandas._libs.hashtable.PyObjectHashTable.get_item
KeyError: 'Transaction_Date'

The above exception was the direct cause of the following exception:

Traceback (most recent call last):
  File "C:\Users\DELL\Downloads\FraudShield_Project (1)\FraudShield\scheduler.py", line 288, in process_file
    result = run_pipeline(csv_path)
  File "C:\Users\DELL\Downloads\FraudShield_Project (1)\FraudShield\scheduler.py", line 114, in run_pipeline
    df["Transaction_Date"] = pd.to_datetime(df["Transaction_Date"], errors="coerce")
                                            ~~^^^^^^^^^^^^^^^^^^^^
  File "C:\Users\DELL\anaconda3\Lib\site-packages\pandas\core\frame.py", line 4113, in __getitem__
    indexer = self.columns.get_loc(key)
  File "C:\Users\DELL\anaconda3\Lib\site-packages\pandas\core\indexes\base.py", line 3819, in get_loc
    raise KeyError(key) from err
KeyError: 'Transaction_Date'

2026-06-08 00:39:19  [Scan #6] Tìm thấy 1 file CSV
2026-06-08 00:39:19  ───────────────────────────────────────────────────────
2026-06-08 00:39:19  [→] Phát hiện file mới: bank.csv
2026-06-08 00:39:19  [1] Chạy pipeline: cleaning → features → predict…
2026-06-08 00:39:19  [✗] Lỗi khi xử lý bank.csv: 'Transaction_Date'
2026-06-08 00:39:19  Traceback (most recent call last):
  File "C:\Users\DELL\anaconda3\Lib\site-packages\pandas\core\indexes\base.py", line 3812, in get_loc
    return self._engine.get_loc(casted_key)
           ~~~~~~~~~~~~~~~~~~~~^^^^^^^^^^^^
  File "pandas/_libs/index.pyx", line 167, in pandas._libs.index.IndexEngine.get_loc
  File "pandas/_libs/index.pyx", line 196, in pandas._libs.index.IndexEngine.get_loc
  File "pandas/_libs/hashtable_class_helper.pxi", line 7088, in pandas._libs.hashtable.PyObjectHashTable.get_item
  File "pandas/_libs/hashtable_class_helper.pxi", line 7096, in pandas._libs.hashtable.PyObjectHashTable.get_item
KeyError: 'Transaction_Date'

The above exception was the direct cause of the following exception:

Traceback (most recent call last):
  File "C:\Users\DELL\Downloads\FraudShield_Project (1)\FraudShield\scheduler.py", line 288, in process_file
    result = run_pipeline(csv_path)
  File "C:\Users\DELL\Downloads\FraudShield_Project (1)\FraudShield\scheduler.py", line 114, in run_pipeline
    df["Transaction_Date"] = pd.to_datetime(df["Transaction_Date"], errors="coerce")
                                            ~~^^^^^^^^^^^^^^^^^^^^
  File "C:\Users\DELL\anaconda3\Lib\site-packages\pandas\core\frame.py", line 4113, in __getitem__
    indexer = self.columns.get_loc(key)
  File "C:\Users\DELL\anaconda3\Lib\site-packages\pandas\core\indexes\base.py", line 3819, in get_loc
    raise KeyError(key) from err
KeyError: 'Transaction_Date'

2026-06-08 00:40:19  [Scan #7] Tìm thấy 1 file CSV
2026-06-08 00:40:19  ───────────────────────────────────────────────────────
2026-06-08 00:40:19  [→] Phát hiện file mới: bank.csv
2026-06-08 00:40:19  [1] Chạy pipeline: cleaning → features → predict…
2026-06-08 00:40:19  [✗] Lỗi khi xử lý bank.csv: 'Transaction_Date'
2026-06-08 00:40:19  Traceback (most recent call last):
  File "C:\Users\DELL\anaconda3\Lib\site-packages\pandas\core\indexes\base.py", line 3812, in get_loc
    return self._engine.get_loc(casted_key)
           ~~~~~~~~~~~~~~~~~~~~^^^^^^^^^^^^
  File "pandas/_libs/index.pyx", line 167, in pandas._libs.index.IndexEngine.get_loc
  File "pandas/_libs/index.pyx", line 196, in pandas._libs.index.IndexEngine.get_loc
  File "pandas/_libs/hashtable_class_helper.pxi", line 7088, in pandas._libs.hashtable.PyObjectHashTable.get_item
  File "pandas/_libs/hashtable_class_helper.pxi", line 7096, in pandas._libs.hashtable.PyObjectHashTable.get_item
KeyError: 'Transaction_Date'

The above exception was the direct cause of the following exception:

Traceback (most recent call last):
  File "C:\Users\DELL\Downloads\FraudShield_Project (1)\FraudShield\scheduler.py", line 288, in process_file
    result = run_pipeline(csv_path)
  File "C:\Users\DELL\Downloads\FraudShield_Project (1)\FraudShield\scheduler.py", line 114, in run_pipeline
    df["Transaction_Date"] = pd.to_datetime(df["Transaction_Date"], errors="coerce")
                                            ~~^^^^^^^^^^^^^^^^^^^^
  File "C:\Users\DELL\anaconda3\Lib\site-packages\pandas\core\frame.py", line 4113, in __getitem__
    indexer = self.columns.get_loc(key)
  File "C:\Users\DELL\anaconda3\Lib\site-packages\pandas\core\indexes\base.py", line 3819, in get_loc
    raise KeyError(key) from err
KeyError: 'Transaction_Date'

2026-06-08 00:41:19  [Scan #8] Tìm thấy 1 file CSV
2026-06-08 00:41:19  ───────────────────────────────────────────────────────
2026-06-08 00:41:19  [→] Phát hiện file mới: bank.csv
2026-06-08 00:41:19  [1] Chạy pipeline: cleaning → features → predict…
2026-06-08 00:41:20  [✗] Lỗi khi xử lý bank.csv: 'Transaction_Date'
2026-06-08 00:41:20  Traceback (most recent call last):
  File "C:\Users\DELL\anaconda3\Lib\site-packages\pandas\core\indexes\base.py", line 3812, in get_loc
    return self._engine.get_loc(casted_key)
           ~~~~~~~~~~~~~~~~~~~~^^^^^^^^^^^^
  File "pandas/_libs/index.pyx", line 167, in pandas._libs.index.IndexEngine.get_loc
  File "pandas/_libs/index.pyx", line 196, in pandas._libs.index.IndexEngine.get_loc
  File "pandas/_libs/hashtable_class_helper.pxi", line 7088, in pandas._libs.hashtable.PyObjectHashTable.get_item
  File "pandas/_libs/hashtable_class_helper.pxi", line 7096, in pandas._libs.hashtable.PyObjectHashTable.get_item
KeyError: 'Transaction_Date'

The above exception was the direct cause of the following exception:

Traceback (most recent call last):
  File "C:\Users\DELL\Downloads\FraudShield_Project (1)\FraudShield\scheduler.py", line 288, in process_file
    result = run_pipeline(csv_path)
  File "C:\Users\DELL\Downloads\FraudShield_Project (1)\FraudShield\scheduler.py", line 114, in run_pipeline
    df["Transaction_Date"] = pd.to_datetime(df["Transaction_Date"], errors="coerce")
                                            ~~^^^^^^^^^^^^^^^^^^^^
  File "C:\Users\DELL\anaconda3\Lib\site-packages\pandas\core\frame.py", line 4113, in __getitem__
    indexer = self.columns.get_loc(key)
  File "C:\Users\DELL\anaconda3\Lib\site-packages\pandas\core\indexes\base.py", line 3819, in get_loc
    raise KeyError(key) from err
KeyError: 'Transaction_Date'

2026-06-08 00:42:20  [Scan #9] Tìm thấy 1 file CSV
2026-06-08 00:42:20  ───────────────────────────────────────────────────────
2026-06-08 00:42:20  [→] Phát hiện file mới: bank.csv
2026-06-08 00:42:20  [1] Chạy pipeline: cleaning → features → predict…
2026-06-08 00:42:20  [✗] Lỗi khi xử lý bank.csv: 'Transaction_Date'
2026-06-08 00:42:20  Traceback (most recent call last):
  File "C:\Users\DELL\anaconda3\Lib\site-packages\pandas\core\indexes\base.py", line 3812, in get_loc
    return self._engine.get_loc(casted_key)
           ~~~~~~~~~~~~~~~~~~~~^^^^^^^^^^^^
  File "pandas/_libs/index.pyx", line 167, in pandas._libs.index.IndexEngine.get_loc
  File "pandas/_libs/index.pyx", line 196, in pandas._libs.index.IndexEngine.get_loc
  File "pandas/_libs/hashtable_class_helper.pxi", line 7088, in pandas._libs.hashtable.PyObjectHashTable.get_item
  File "pandas/_libs/hashtable_class_helper.pxi", line 7096, in pandas._libs.hashtable.PyObjectHashTable.get_item
KeyError: 'Transaction_Date'

The above exception was the direct cause of the following exception:

Traceback (most recent call last):
  File "C:\Users\DELL\Downloads\FraudShield_Project (1)\FraudShield\scheduler.py", line 288, in process_file
    result = run_pipeline(csv_path)
  File "C:\Users\DELL\Downloads\FraudShield_Project (1)\FraudShield\scheduler.py", line 114, in run_pipeline
    df["Transaction_Date"] = pd.to_datetime(df["Transaction_Date"], errors="coerce")
                                            ~~^^^^^^^^^^^^^^^^^^^^
  File "C:\Users\DELL\anaconda3\Lib\site-packages\pandas\core\frame.py", line 4113, in __getitem__
    indexer = self.columns.get_loc(key)
  File "C:\Users\DELL\anaconda3\Lib\site-packages\pandas\core\indexes\base.py", line 3819, in get_loc
    raise KeyError(key) from err
KeyError: 'Transaction_Date'

2026-06-08 00:43:20  [Scan #10] Tìm thấy 1 file CSV
2026-06-08 00:43:20  ───────────────────────────────────────────────────────
2026-06-08 00:43:20  [→] Phát hiện file mới: bank.csv
2026-06-08 00:43:20  [1] Chạy pipeline: cleaning → features → predict…
2026-06-08 00:43:20  [✗] Lỗi khi xử lý bank.csv: 'Transaction_Date'
2026-06-08 00:43:20  Traceback (most recent call last):
  File "C:\Users\DELL\anaconda3\Lib\site-packages\pandas\core\indexes\base.py", line 3812, in get_loc
    return self._engine.get_loc(casted_key)
           ~~~~~~~~~~~~~~~~~~~~^^^^^^^^^^^^
  File "pandas/_libs/index.pyx", line 167, in pandas._libs.index.IndexEngine.get_loc
  File "pandas/_libs/index.pyx", line 196, in pandas._libs.index.IndexEngine.get_loc
  File "pandas/_libs/hashtable_class_helper.pxi", line 7088, in pandas._libs.hashtable.PyObjectHashTable.get_item
  File "pandas/_libs/hashtable_class_helper.pxi", line 7096, in pandas._libs.hashtable.PyObjectHashTable.get_item
KeyError: 'Transaction_Date'

The above exception was the direct cause of the following exception:

Traceback (most recent call last):
  File "C:\Users\DELL\Downloads\FraudShield_Project (1)\FraudShield\scheduler.py", line 288, in process_file
    result = run_pipeline(csv_path)
  File "C:\Users\DELL\Downloads\FraudShield_Project (1)\FraudShield\scheduler.py", line 114, in run_pipeline
    df["Transaction_Date"] = pd.to_datetime(df["Transaction_Date"], errors="coerce")
                                            ~~^^^^^^^^^^^^^^^^^^^^
  File "C:\Users\DELL\anaconda3\Lib\site-packages\pandas\core\frame.py", line 4113, in __getitem__
    indexer = self.columns.get_loc(key)
  File "C:\Users\DELL\anaconda3\Lib\site-packages\pandas\core\indexes\base.py", line 3819, in get_loc
    raise KeyError(key) from err
KeyError: 'Transaction_Date'

